-------------------------------------------------------------------------------
Test set: com.javen.testmybatis.TestMyBatis
-------------------------------------------------------------------------------
Tests run: 1, Failures: 1, Errors: 0, Skipped: 0, Time elapsed: 0 sec <<< FAILURE!
com.javen.testmybatis.TestMyBatis.test1()  Time elapsed: 0 sec  <<< FAILURE!
java.lang.NullPointerException
	at com.javen.testmybatis.TestMyBatis.test1(TestMyBatis.java:31)

